<?xml version="1.0" encoding="UTF-8" ?>
<testsuite tests="1" failures="0" name="org.apache.felix.framework.BundleRevisionImplTest" time="0.02" errors="1" skipped="0">
  <properties>
    <property name="java.runtime.name" value="OpenJDK Runtime Environment"/>
    <property name="sun.boot.library.path" value="/usr/local/openjdk-8/jre/lib/amd64"/>
    <property name="java.vm.version" value="25.222-b10"/>
    <property name="java.vm.vendor" value="Oracle Corporation"/>
    <property name="java.vendor.url" value="http://java.oracle.com/"/>
    <property name="path.separator" value=":"/>
    <property name="skip.gulp" value="true"/>
    <property name="java.vm.name" value="OpenJDK 64-Bit Server VM"/>
    <property name="file.encoding.pkg" value="sun.io"/>
    <property name="sun.java.launcher" value="SUN_STANDARD"/>
    <property name="sun.os.patch.level" value="unknown"/>
    <property name="findbugs.skip" value="true"/>
    <property name="java.vm.specification.name" value="Java Virtual Machine Specification"/>
    <property name="user.dir" value="/root/workspace/Luki42/felix-4960"/>
    <property name="java.runtime.version" value="1.8.0_222-b10"/>
    <property name="java.awt.graphicsenv" value="sun.awt.X11GraphicsEnvironment"/>
    <property name="basedir" value="/root/workspace/Luki42/felix-4960"/>
    <property name="skip.npm" value="true"/>
    <property name="java.endorsed.dirs" value="/usr/local/openjdk-8/jre/lib/endorsed"/>
    <property name="os.arch" value="amd64"/>
    <property name="surefire.real.class.path" value="/root/workspace/Luki42/felix-4960/target/surefire/surefirebooter2630607327686762730.jar"/>
    <property name="java.io.tmpdir" value="/tmp"/>
    <property name="gpg.skip" value="true"/>
    <property name="line.separator" value="
"/>
    <property name="java.vm.specification.vendor" value="Oracle Corporation"/>
    <property name="cobertura.skip" value="true"/>
    <property name="os.name" value="Linux"/>
    <property name="sun.jnu.encoding" value="UTF-8"/>
    <property name="java.library.path" value="/usr/java/packages/lib/amd64:/usr/lib64:/lib64:/lib:/usr/lib"/>
    <property name="license.skip" value="true"/>
    <property name="surefire.test.class.path" value="/root/workspace/Luki42/felix-4960/target/test-classes:/root/workspace/Luki42/felix-4960/target/classes:/root/./workspace/Luki42/felix-4960/.m2/org/osgi/org.osgi.annotation/6.0.0/org.osgi.annotation-6.0.0.jar:/root/./workspace/Luki42/felix-4960/.m2/org/apache/felix/org.apache.felix.resolver/1.5.0-SNAPSHOT/org.apache.felix.resolver-1.5.0-SNAPSHOT.jar:/root/./workspace/Luki42/felix-4960/.m2/org/osgi/org.osgi.core/5.0.0/org.osgi.core-5.0.0.jar:/root/./workspace/Luki42/felix-4960/.m2/org/ow2/asm/asm-all/4.2/asm-all-4.2.jar:/root/./workspace/Luki42/felix-4960/.m2/org/mockito/mockito-all/1.10.19/mockito-all-1.10.19.jar:/root/./workspace/Luki42/felix-4960/.m2/junit/junit/4.0/junit-4.0.jar:/root/./workspace/Luki42/felix-4960/.m2/org/easymock/easymock/2.4/easymock-2.4.jar:"/>
    <property name="java.specification.name" value="Java Platform API Specification"/>
    <property name="java.class.version" value="52.0"/>
    <property name="skip.bower" value="true"/>
    <property name="sun.management.compiler" value="HotSpot 64-Bit Tiered Compilers"/>
    <property name="maven.repo.local" value="/root/./workspace/Luki42/felix-4960/.m2"/>
    <property name="os.version" value="4.15.0-88-generic"/>
    <property name="user.home" value="/root"/>
    <property name="user.timezone" value=""/>
    <property name="java.awt.printerjob" value="sun.print.PSPrinterJob"/>
    <property name="java.specification.version" value="1.8"/>
    <property name="file.encoding" value="UTF-8"/>
    <property name="user.name" value="root"/>
    <property name="java.class.path" value="/root/workspace/Luki42/felix-4960/target/test-classes:/root/workspace/Luki42/felix-4960/target/classes:/root/./workspace/Luki42/felix-4960/.m2/org/osgi/org.osgi.annotation/6.0.0/org.osgi.annotation-6.0.0.jar:/root/./workspace/Luki42/felix-4960/.m2/org/apache/felix/org.apache.felix.resolver/1.5.0-SNAPSHOT/org.apache.felix.resolver-1.5.0-SNAPSHOT.jar:/root/./workspace/Luki42/felix-4960/.m2/org/osgi/org.osgi.core/5.0.0/org.osgi.core-5.0.0.jar:/root/./workspace/Luki42/felix-4960/.m2/org/ow2/asm/asm-all/4.2/asm-all-4.2.jar:/root/./workspace/Luki42/felix-4960/.m2/org/mockito/mockito-all/1.10.19/mockito-all-1.10.19.jar:/root/./workspace/Luki42/felix-4960/.m2/junit/junit/4.0/junit-4.0.jar:/root/./workspace/Luki42/felix-4960/.m2/org/easymock/easymock/2.4/easymock-2.4.jar:"/>
    <property name="skipITs" value="true"/>
    <property name="java.vm.specification.version" value="1.8"/>
    <property name="sun.arch.data.model" value="64"/>
    <property name="java.home" value="/usr/local/openjdk-8/jre"/>
    <property name="sun.java.command" value="/root/workspace/Luki42/felix-4960/target/surefire/surefirebooter2630607327686762730.jar /root/workspace/Luki42/felix-4960/target/surefire/surefire8539543112714423119tmp /root/workspace/Luki42/felix-4960/target/surefire/surefire722342843251422902tmp"/>
    <property name="java.specification.vendor" value="Oracle Corporation"/>
    <property name="user.language" value="en"/>
    <property name="awt.toolkit" value="sun.awt.X11.XToolkit"/>
    <property name="dependency-check.skip" value="true"/>
    <property name="java.vm.info" value="mixed mode"/>
    <property name="java.version" value="1.8.0_222"/>
    <property name="java.ext.dirs" value="/usr/local/openjdk-8/jre/lib/ext:/usr/java/packages/lib/ext"/>
    <property name="sun.boot.class.path" value="/usr/local/openjdk-8/jre/lib/resources.jar:/usr/local/openjdk-8/jre/lib/rt.jar:/usr/local/openjdk-8/jre/lib/sunrsasign.jar:/usr/local/openjdk-8/jre/lib/jsse.jar:/usr/local/openjdk-8/jre/lib/jce.jar:/usr/local/openjdk-8/jre/lib/charsets.jar:/usr/local/openjdk-8/jre/lib/jfr.jar:/usr/local/openjdk-8/jre/classes"/>
    <property name="java.vendor" value="Oracle Corporation"/>
    <property name="enforcer.skip" value="true"/>
    <property name="rat.skip" value="true"/>
    <property name="localRepository" value="/root/./workspace/Luki42/felix-4960/.m2"/>
    <property name="file.separator" value="/"/>
    <property name="java.vendor.url.bug" value="http://bugreport.sun.com/bugreport/"/>
    <property name="sun.cpu.endian" value="little"/>
    <property name="sun.io.unicode.encoding" value="UnicodeLittle"/>
    <property name="sun.cpu.isalist" value=""/>
  </properties>
  <testcase classname="org.apache.felix.framework.BundleRevisionImplTest" name="testGetResourcesLocalNullContentPath" time="0.007">
    <error type="java.lang.NullPointerException">java.lang.NullPointerException
	at org.apache.felix.framework.BundleRevisionImpl.getResourcesLocal(BundleRevisionImpl.java:537)
	at org.apache.felix.framework.BundleRevisionImplTest.testGetResourcesLocalNullContentPath(BundleRevisionImplTest.java:39)
	at sun.reflect.NativeMethodAccessorImpl.invoke0(Native Method)
	at sun.reflect.NativeMethodAccessorImpl.invoke(NativeMethodAccessorImpl.java:62)
	at sun.reflect.DelegatingMethodAccessorImpl.invoke(DelegatingMethodAccessorImpl.java:43)
	at java.lang.reflect.Method.invoke(Method.java:498)
	at junit.framework.TestCase.runTest(TestCase.java:164)
	at junit.framework.TestCase.runBare(TestCase.java:130)
	at junit.framework.TestResult$1.protect(TestResult.java:110)
	at junit.framework.TestResult.runProtected(TestResult.java:128)
	at junit.framework.TestResult.run(TestResult.java:113)
	at junit.framework.TestCase.run(TestCase.java:120)
	at junit.framework.TestSuite.runTest(TestSuite.java:228)
	at junit.framework.TestSuite.run(TestSuite.java:223)
	at org.junit.internal.runners.OldTestClassRunner.run(OldTestClassRunner.java:35)
	at org.apache.maven.surefire.junit4.JUnit4TestSet.execute(JUnit4TestSet.java:35)
	at org.apache.maven.surefire.junit4.JUnit4Provider.executeTestSet(JUnit4Provider.java:115)
	at org.apache.maven.surefire.junit4.JUnit4Provider.invoke(JUnit4Provider.java:97)
	at sun.reflect.NativeMethodAccessorImpl.invoke0(Native Method)
	at sun.reflect.NativeMethodAccessorImpl.invoke(NativeMethodAccessorImpl.java:62)
	at sun.reflect.DelegatingMethodAccessorImpl.invoke(DelegatingMethodAccessorImpl.java:43)
	at java.lang.reflect.Method.invoke(Method.java:498)
	at org.apache.maven.surefire.booter.ProviderFactory$ClassLoaderProxy.invoke(ProviderFactory.java:103)
	at com.sun.proxy.$Proxy0.invoke(Unknown Source)
	at org.apache.maven.surefire.booter.SurefireStarter.invokeProvider(SurefireStarter.java:150)
	at org.apache.maven.surefire.booter.SurefireStarter.runSuitesInProcess(SurefireStarter.java:91)
	at org.apache.maven.surefire.booter.ForkedBooter.main(ForkedBooter.java:69)
</error>
    <system-out>@HL
@HL-------------------------------------------------------
@HL T E S T S
@HL-------------------------------------------------------
@SLRunning org.apache.felix.framework.BundleRevisionImplTest
</system-out>
  </testcase>
</testsuite>